<?xml version="1.0" encoding="UTF-8"?>
<testng-results ignored="0" total="1" passed="1" failed="0" skipped="0">
  <reporter-output>
  </reporter-output>
  <suite started-at="2022-04-15T15:45:05 IST" name="Default suite" finished-at="2022-04-15T15:45:08 IST" duration-ms="3157">
    <groups>
    </groups>
    <test started-at="2022-04-15T15:45:05 IST" name="Default test" finished-at="2022-04-15T15:45:08 IST" duration-ms="3157">
      <class name="demo.Tc002_POST_API">
        <test-method signature="postbookdetails()[pri:0, instance:demo.Tc002_POST_API@17a7f733]" started-at="2022-04-15T15:45:05 IST" name="postbookdetails" finished-at="2022-04-15T15:45:08 IST" duration-ms="3103" status="PASS">
          <reporter-output>
          </reporter-output>
        </test-method> <!-- postbookdetails -->
      </class> <!-- demo.Tc002_POST_API -->
    </test> <!-- Default test -->
  </suite> <!-- Default suite -->
</testng-results>
